[     237ms] [LOG] JQMIGRATE: Migrate is installed, version 3.4.1 @ https://storey.co.uk/wp-includes/js/jquery/jquery-migrate.min.js?ver=3.4.1:1
[     711ms] [LOG] Initializing LiveConnect @ https://www.365syndicate.com/js/797653.js:0
[     711ms] [LOG] events.bus.init @ https://www.365syndicate.com/js/797653.js:0
[     711ms] [LOG] handlers.error.register {wrapperName: audigent, identifiersToResolve: Array(0), storageStrategy: none, gdprApplies: true, privacyMode: true} null @ https://www.365syndicate.com/js/797653.js:0
[     711ms] [LOG] identifiers.resolve {wrapperName: audigent, identifiersToResolve: Array(0), storageStrategy: none, gdprApplies: true, privacyMode: true} @ https://www.365syndicate.com/js/797653.js:0
[     711ms] [LOG] decisions.resolve {wrapperName: audigent, identifiersToResolve: Array(0), storageStrategy: none, gdprApplies: true, privacyMode: true} @ https://www.365syndicate.com/js/797653.js:0
[     712ms] [LOG] LiveConnect.enrichedState {data: Object, combineWith: , asQuery: , asTuples: , sendsPixel: } @ https://www.365syndicate.com/js/797653.js:0
[     712ms] [LOG] LiveConnect.postManagedState {data: Object, combineWith: , asQuery: , asTuples: , sendsPixel: } @ https://www.365syndicate.com/js/797653.js:0
[     757ms] [WARNING] Google Maps JavaScript API has been loaded directly without loading=async. This can result in suboptimal performance. For best-practice loading patterns please see https://goo.gle/js-api-loading @ https://maps.googleapis.com/maps/api/js?callback=_dk_google_maps_loader_cb&key=AIzaSyDan4G6oDpKLxuFyAypSP5MMx_1Im4LI_c:327
[     763ms] [WARNING] As of February 21st, 2024, google.maps.Marker is deprecated. Please use google.maps.marker.AdvancedMarkerElement instead. At this time, google.maps.Marker is not scheduled to be discontinued, but google.maps.marker.AdvancedMarkerElement is recommended over google.maps.Marker. While google.maps.Marker will continue to receive bug fixes for any major regressions, existing bugs in google.maps.Marker will not be addressed. At least 12 months notice will be given before support is discontinued. Please see https://developers.google.com/maps/deprecations for additional details and https://developers.google.com/maps/documentation/javascript/advanced-markers/migration for the migration guide. @ https://maps.googleapis.com/maps/api/js?callback=_dk_google_maps_loader_cb&key=AIzaSyDan4G6oDpKLxuFyAypSP5MMx_1Im4LI_c:427
[     823ms] Error: Usercentrics: duplicated script tag
    at https://app.usercentrics.eu/browser-ui/3.102.0/bundle.js:1:474882
    at https://app.usercentrics.eu/browser-ui/3.102.0/bundle.js:219:54848
[    2480ms] [WARNING] google.maps.event.addDomListener() is deprecated, use the standard
addEventListener() method instead:
https://developer.mozilla.org/docs/Web/API/EventTarget/addEventListener
The feature will continue to work and there is no plan to decommission
it. @ https://maps.googleapis.com/maps/api/js?callback=_dk_google_maps_loader_cb&key=AIzaSyDan4G6oDpKLxuFyAypSP5MMx_1Im4LI_c:211
[    5514ms] [WARNING] The resource https://privacy-proxy.usercentrics.eu/latest/uc-block.bundle.js was preloaded using link preload but not used within a few seconds from the window's load event. Please make sure it has an appropriate `as` value and it is preloaded intentionally. @ https://storey.co.uk/workspace/:0
[    9107ms] [WARNING] The resource https://privacy-proxy.usercentrics.eu/latest/uc-block.bundle.js was preloaded using link preload but not used within a few seconds from the window's load event. Please make sure it has an appropriate `as` value and it is preloaded intentionally. @ https://storey.co.uk/workspace/:0
[  264487ms] [WARNING] The resource https://privacy-proxy.usercentrics.eu/latest/uc-block.bundle.js was preloaded using link preload but not used within a few seconds from the window's load event. Please make sure it has an appropriate `as` value and it is preloaded intentionally. @ https://storey.co.uk/workspace/:0
[  524475ms] [WARNING] The resource https://privacy-proxy.usercentrics.eu/latest/uc-block.bundle.js was preloaded using link preload but not used within a few seconds from the window's load event. Please make sure it has an appropriate `as` value and it is preloaded intentionally. @ https://storey.co.uk/workspace/:0
[  784474ms] [WARNING] The resource https://privacy-proxy.usercentrics.eu/latest/uc-block.bundle.js was preloaded using link preload but not used within a few seconds from the window's load event. Please make sure it has an appropriate `as` value and it is preloaded intentionally. @ https://storey.co.uk/workspace/:0
[ 1044454ms] [WARNING] The resource https://privacy-proxy.usercentrics.eu/latest/uc-block.bundle.js was preloaded using link preload but not used within a few seconds from the window's load event. Please make sure it has an appropriate `as` value and it is preloaded intentionally. @ https://storey.co.uk/workspace/:0
[ 1304453ms] [WARNING] The resource https://privacy-proxy.usercentrics.eu/latest/uc-block.bundle.js was preloaded using link preload but not used within a few seconds from the window's load event. Please make sure it has an appropriate `as` value and it is preloaded intentionally. @ https://storey.co.uk/workspace/:0
[ 1564469ms] [WARNING] The resource https://privacy-proxy.usercentrics.eu/latest/uc-block.bundle.js was preloaded using link preload but not used within a few seconds from the window's load event. Please make sure it has an appropriate `as` value and it is preloaded intentionally. @ https://storey.co.uk/workspace/:0
[ 1824526ms] [WARNING] The resource https://privacy-proxy.usercentrics.eu/latest/uc-block.bundle.js was preloaded using link preload but not used within a few seconds from the window's load event. Please make sure it has an appropriate `as` value and it is preloaded intentionally. @ https://storey.co.uk/workspace/:0
[ 2084487ms] [WARNING] The resource https://privacy-proxy.usercentrics.eu/latest/uc-block.bundle.js was preloaded using link preload but not used within a few seconds from the window's load event. Please make sure it has an appropriate `as` value and it is preloaded intentionally. @ https://storey.co.uk/workspace/:0
[ 2344508ms] [WARNING] The resource https://privacy-proxy.usercentrics.eu/latest/uc-block.bundle.js was preloaded using link preload but not used within a few seconds from the window's load event. Please make sure it has an appropriate `as` value and it is preloaded intentionally. @ https://storey.co.uk/workspace/:0
[ 2604470ms] [WARNING] The resource https://privacy-proxy.usercentrics.eu/latest/uc-block.bundle.js was preloaded using link preload but not used within a few seconds from the window's load event. Please make sure it has an appropriate `as` value and it is preloaded intentionally. @ https://storey.co.uk/workspace/:0
[ 2864429ms] [WARNING] The resource https://privacy-proxy.usercentrics.eu/latest/uc-block.bundle.js was preloaded using link preload but not used within a few seconds from the window's load event. Please make sure it has an appropriate `as` value and it is preloaded intentionally. @ https://storey.co.uk/workspace/:0
