[   18134ms] [ERROR] Failed to load resource: the server responded with a status of 500 (Internal Server Error) @ http://localhost:3000/our-latest-storey:0
[   18395ms] [INFO] %cDownload the React DevTools for a better development experience: https://react.dev/link/react-devtools font-weight:bold @ http://localhost:3000/_next/static/chunks/node_modules_next_dist_1ybzpk2._.js:2477
[   18486ms] [LOG] [HMR] connected @ http://localhost:3000/_next/static/chunks/node_modules_next_dist_1ybzpk2._.js:2477
[   18568ms] Error: Invalid src prop (https://mandc-bl-assets.s3.amazonaws.com/staging/storey/2024/01/13141449/240605_Storey_201Bishopsgate_%C2%A9JackHobhouse_068-copy-1.jpg) on `next/image`, hostname "mandc-bl-assets.s3.amazonaws.com" is not configured under images in your `next.config.js`
See more info: https://nextjs.org/docs/messages/next-image-unconfigured-host
    at defaultLoader (http://localhost:3000/_next/static/chunks/node_modules_next_0rxjrz0._.js:3036:49)
    at http://localhost:3000/_next/static/chunks/node_modules_next_0rxjrz0._.js:460:39
    at Array.map (<anonymous>)
    at generateImgAttrs (http://localhost:3000/_next/static/chunks/node_modules_next_0rxjrz0._.js:460:24)
    at getImgProps (http://localhost:3000/_next/static/chunks/node_modules_next_0rxjrz0._.js:873:27)
    at http://localhost:3000/_next/static/chunks/node_modules_next_0rxjrz0._.js:3439:82
    at Object.react_stack_bottom_frame (http://localhost:3000/_next/static/chunks/node_modules_next_dist_compiled_react-dom_096_9a-._.js:15037:24)
    at renderWithHooks (http://localhost:3000/_next/static/chunks/node_modules_next_dist_compiled_react-dom_096_9a-._.js:4620:24)
    at updateForwardRef (http://localhost:3000/_next/static/chunks/node_modules_next_dist_compiled_react-dom_096_9a-._.js:5908:21)
    at beginWork (http://localhost:3000/_next/static/chunks/node_modules_next_dist_compiled_react-dom_096_9a-._.js:6766:24)
    at runWithFiberInDEV (http://localhost:3000/_next/static/chunks/node_modules_next_dist_compiled_react-dom_096_9a-._.js:965:74)
    at performUnitOfWork (http://localhost:3000/_next/static/chunks/node_modules_next_dist_compiled_react-dom_096_9a-._.js:9555:97)
    at workLoopSync (http://localhost:3000/_next/static/chunks/node_modules_next_dist_compiled_react-dom_096_9a-._.js:9449:40)
    at renderRootSync (http://localhost:3000/_next/static/chunks/node_modules_next_dist_compiled_react-dom_096_9a-._.js:9433:13)
    at performWorkOnRoot (http://localhost:3000/_next/static/chunks/node_modules_next_dist_compiled_react-dom_096_9a-._.js:9098:47)
    at performWorkOnRootViaSchedulerTask (http://localhost:3000/_next/static/chunks/node_modules_next_dist_compiled_react-dom_096_9a-._.js:10255:9)
    at MessagePort.performWorkUntilDeadline (http://localhost:3000/_next/static/chunks/node_modules_next_dist_compiled_1amofcm._.js:2647:64)
[  135764ms] [ERROR] WebSocket connection to 'ws://localhost:3000/_next/webpack-hmr?id=1vMHhwdFpoDIYrHmHI6Yu' failed: Error in connection establishment: net::ERR_CONNECTION_REFUSED @ http://localhost:3000/_next/static/chunks/node_modules_next_dist_client_0r5nbpw._.js:13422
[  139112ms] [ERROR] WebSocket connection to 'ws://localhost:3000/_next/webpack-hmr?id=1vMHhwdFpoDIYrHmHI6Yu' failed: Error in connection establishment: net::ERR_CONNECTION_REFUSED @ http://localhost:3000/_next/static/chunks/node_modules_next_dist_client_0r5nbpw._.js:13422
[  142469ms] [ERROR] WebSocket connection to 'ws://localhost:3000/_next/webpack-hmr?id=1vMHhwdFpoDIYrHmHI6Yu' failed: Error in connection establishment: net::ERR_CONNECTION_REFUSED @ http://localhost:3000/_next/static/chunks/node_modules_next_dist_client_0r5nbpw._.js:13422
[  145812ms] [ERROR] WebSocket connection to 'ws://localhost:3000/_next/webpack-hmr?id=1vMHhwdFpoDIYrHmHI6Yu' failed: Error in connection establishment: net::ERR_CONNECTION_REFUSED @ http://localhost:3000/_next/static/chunks/node_modules_next_dist_client_0r5nbpw._.js:13422
[  149174ms] [ERROR] WebSocket connection to 'ws://localhost:3000/_next/webpack-hmr?id=1vMHhwdFpoDIYrHmHI6Yu' failed: Error in connection establishment: net::ERR_CONNECTION_REFUSED @ http://localhost:3000/_next/static/chunks/node_modules_next_dist_client_0r5nbpw._.js:13422
[  156524ms] [ERROR] WebSocket connection to 'ws://localhost:3000/_next/webpack-hmr?id=1vMHhwdFpoDIYrHmHI6Yu' failed: Error in connection establishment: net::ERR_CONNECTION_REFUSED @ http://localhost:3000/_next/static/chunks/node_modules_next_dist_client_0r5nbpw._.js:13422
[  161541ms] [LOG] [HMR] connected @ http://localhost:3000/_next/static/chunks/node_modules_next_dist_1ybzpk2._.js:2477
[  161704ms] [ERROR] Failed to load resource: the server responded with a status of 400 (Bad Request) @ http://localhost:3000/_next/image?url=https%3A%2F%2Fmandc-bl-assets.s3.amazonaws.com%2Fstaging%2Fstorey%2F2024%2F01%2F13141449%2F240605_Storey_201Bishopsgate_%25C2%25A9JackHobhouse_068-copy-1.jpg&w=640&q=75:0
[  161710ms] [ERROR] Failed to load resource: the server responded with a status of 400 (Bad Request) @ http://localhost:3000/_next/image?url=https%3A%2F%2Fmandc-bl-assets.s3.amazonaws.com%2Fstaging%2Fstorey%2F2024%2F01%2F30093856%2F20210423_Storey_100LS_59-scaled.jpg&w=640&q=75:0
[  161710ms] [ERROR] Failed to load resource: the server responded with a status of 400 (Bad Request) @ http://localhost:3000/_next/image?url=https%3A%2F%2Fmandc-bl-assets.s3.amazonaws.com%2Fstaging%2Fstorey%2F2024%2F02%2F14171505%2F20200625_Orsman-Road-4-6-scaled-1.jpg&w=640&q=75:0
[  161722ms] [INFO] %cDownload the React DevTools for a better development experience: https://react.dev/link/react-devtools font-weight:bold @ http://localhost:3000/_next/static/chunks/node_modules_next_dist_1ybzpk2._.js:2477
[  161749ms] [LOG] [HMR] connected @ http://localhost:3000/_next/static/chunks/node_modules_next_dist_1ybzpk2._.js:2477
[  281149ms] [ERROR] WebSocket connection to 'ws://localhost:3000/_next/webpack-hmr?id=yig3qfGnD0vQv8SaTMtne' failed: Error in connection establishment: net::ERR_CONNECTION_REFUSED @ http://localhost:3000/_next/static/chunks/node_modules_next_dist_client_0r5nbpw._.js:13422
[  284532ms] [ERROR] WebSocket connection to 'ws://localhost:3000/_next/webpack-hmr?id=yig3qfGnD0vQv8SaTMtne' failed: Error in connection establishment: net::ERR_CONNECTION_REFUSED @ http://localhost:3000/_next/static/chunks/node_modules_next_dist_client_0r5nbpw._.js:13422
